
INFO [2023-10-29T04:31:22.657Z]: project_reinitialize_success
INFO [2023-10-29T04:31:22.657Z]: {"agent":"cosine-vscode","version":"1.0.6","package":"@cosine/analytics"}
INFO [2023-10-29T04:31:24.579Z]: project_reinitialize_success
INFO [2023-10-29T04:31:24.579Z]: {"agent":"cosine-vscode","version":"1.0.6","package":"@cosine/analytics"}
INFO [2023-10-29T04:31:24.830Z]: project_reinitialize_success
INFO [2023-10-29T04:31:24.830Z]: {"agent":"cosine-vscode","version":"1.0.6","package":"@cosine/analytics"}
INFO [2023-10-29T04:32:30.571Z]: project_reinitialize_start
INFO [2023-10-29T04:32:30.572Z]: {"agent":"cosine-vscode","version":"1.0.6","package":"@cosine/analytics"}
INFO [2023-10-29T04:32:32.551Z]: project_reinitialize_success
INFO [2023-10-29T04:32:32.551Z]: {"agent":"cosine-vscode","version":"1.0.6","package":"@cosine/analytics"}
INFO [2023-10-29T04:32:41.679Z]: project_reinitialize_start
INFO [2023-10-29T04:32:41.679Z]: {"agent":"cosine-vscode","version":"1.0.6","package":"@cosine/analytics"}
INFO [2023-10-29T04:32:43.661Z]: project_reinitialize_start
INFO [2023-10-29T04:32:43.675Z]: project_reinitialize_success
INFO [2023-10-29T04:32:46.263Z]: project_reinitialize_success
INFO [2023-10-29T04:32:46.263Z]: {"agent":"cosine-vscode","version":"1.0.6","package":"@cosine/analytics"}
INFO [2023-10-29T04:32:51.462Z]: project_reinitialize_start
INFO [2023-10-29T04:32:51.462Z]: {"agent":"cosine-vscode","version":"1.0.6","package":"@cosine/analytics"}
INFO [2023-10-29T04:32:53.398Z]: project_reinitialize_success
INFO [2023-10-29T04:32:53.398Z]: {"agent":"cosine-vscode","version":"1.0.6","package":"@cosine/analytics"}
INFO [2023-10-29T04:32:56.707Z]: project_reinitialize_start
INFO [2023-10-29T04:32:56.707Z]: {"agent":"cosine-vscode","version":"1.0.6","package":"@cosine/analytics"}
INFO [2023-10-29T04:32:58.609Z]: project_reinitialize_success
INFO [2023-10-29T04:32:58.609Z]: {"agent":"cosine-vscode","version":"1.0.6","package":"@cosine/analytics"}
INFO [2023-10-29T04:33:03.003Z]: project_reinitialize_start
INFO [2023-10-29T04:33:03.003Z]: {"agent":"cosine-vscode","version":"1.0.6","package":"@cosine/analytics"}
INFO [2023-10-29T04:33:05.800Z]: project_reinitialize_success
INFO [2023-10-29T04:33:05.800Z]: {"agent":"cosine-vscode","version":"1.0.6","package":"@cosine/analytics"}
INFO [2023-10-29T04:33:09.383Z]: project_reinitialize_start
INFO [2023-10-29T04:33:09.383Z]: {"agent":"cosine-vscode","version":"1.0.6","package":"@cosine/analytics"}
INFO [2023-10-29T04:33:11.310Z]: project_reinitialize_success
INFO [2023-10-29T04:33:11.310Z]: {"agent":"cosine-vscode","version":"1.0.6","package":"@cosine/analytics"}
INFO [2023-10-29T04:33:17.309Z]: project_reinitialize_start
INFO [2023-10-29T04:33:17.309Z]: {"agent":"cosine-vscode","version":"1.0.6","package":"@cosine/analytics"}
INFO [2023-10-29T04:33:18.122Z]: project_reinitialize_success
INFO [2023-10-29T04:33:18.122Z]: {"agent":"cosine-vscode","version":"1.0.6","package":"@cosine/analytics"}
INFO [2023-10-29T04:33:26.727Z]: project_reinitialize_start
INFO [2023-10-29T04:33:26.728Z]: {"agent":"cosine-vscode","version":"1.0.6","package":"@cosine/analytics"}
INFO [2023-10-29T04:33:28.644Z]: project_reinitialize_success
INFO [2023-10-29T04:33:28.645Z]: {"agent":"cosine-vscode","version":"1.0.6","package":"@cosine/analytics"}
INFO [2023-10-29T04:35:08.519Z]: project_reinitialize_start
INFO [2023-10-29T04:35:08.519Z]: {"agent":"cosine-vscode","version":"1.0.6","package":"@cosine/analytics"}
INFO [2023-10-29T04:35:10.217Z]: project_reinitialize_success
INFO [2023-10-29T04:35:10.217Z]: {"agent":"cosine-vscode","version":"1.0.6","package":"@cosine/analytics"}
INFO [2023-10-29T04:37:04.999Z]: project_reinitialize_start
INFO [2023-10-29T04:37:04.999Z]: {"agent":"cosine-vscode","version":"1.0.6","package":"@cosine/analytics"}
INFO [2023-10-29T04:37:10.667Z]: project_reinitialize_success
INFO [2023-10-29T04:37:10.667Z]: {"agent":"cosine-vscode","version":"1.0.6","package":"@cosine/analytics"}
INFO [2023-10-29T06:51:36.214Z]: opened
INFO [2023-10-29T06:51:36.215Z]: {"agent":"cosine-vscode","version":"1.0.6","package":"@cosine/analytics","token":"1803ee20efed77dfecbf705fb8dc4c18","mp_lib":"node","$lib_version":"0.17.0"}
INFO [2023-10-29T09:14:23.303Z]: opened
INFO [2023-10-29T09:14:23.303Z]: {"agent":"cosine-vscode","version":"1.0.6","package":"@cosine/analytics","token":"1803ee20efed77dfecbf705fb8dc4c18","mp_lib":"node","$lib_version":"0.17.0"}
INFO [2023-10-29T11:43:39.322Z]: opened
INFO [2023-10-29T11:43:39.322Z]: {"agent":"cosine-vscode","version":"1.0.6","package":"@cosine/analytics","token":"1803ee20efed77dfecbf705fb8dc4c18","mp_lib":"node","$lib_version":"0.17.0"}
INFO [2023-10-29T11:43:45.891Z]: Set User: 1ms21cs059@msrit.edu
INFO [2023-10-29T11:43:45.892Z]: {"Telemetry":true}
INFO [2023-10-29T11:43:47.565Z]: project_reinitialize_start
INFO [2023-10-29T11:43:47.565Z]: {"agent":"cosine-vscode","version":"1.0.6","package":"@cosine/analytics"}
INFO [2023-10-29T11:43:49.286Z]: project_reinitialize_success
INFO [2023-10-29T11:43:49.287Z]: {"agent":"cosine-vscode","version":"1.0.6","package":"@cosine/analytics"}
INFO [2023-10-29T11:44:01.185Z]: question_start
INFO [2023-10-29T11:44:01.185Z]: {"prompt":"where is fractional knapsack i","agent":"cosine-vscode","version":"1.0.6","package":"@cosine/analytics"}
INFO [2023-10-29T11:44:02.061Z]: tool_selected
INFO [2023-10-29T11:44:02.062Z]: {"tool":"search_codebase","agent":"cosine-vscode","version":"1.0.6","package":"@cosine/analytics"}
INFO [2023-10-29T11:44:19.635Z]: question_success
INFO [2023-10-29T11:44:19.636Z]: {"prompt":"where is fractional knapsack i","agent":"cosine-vscode","version":"1.0.6","package":"@cosine/analytics"}
INFO [2023-10-29T11:45:00.633Z]: result_open
INFO [2023-10-29T11:45:00.695Z]: result_open
INFO [2023-10-29T11:45:14.053Z]: result_open
INFO [2023-10-29T11:45:14.083Z]: result_open
INFO [2023-10-29T13:07:37.861Z]: project_reinitialize_start
INFO [2023-10-29T13:07:37.861Z]: {"agent":"cosine-vscode","version":"1.0.6","package":"@cosine/analytics"}
INFO [2023-10-29T13:07:43.260Z]: project_reinitialize_success
INFO [2023-10-29T13:07:43.260Z]: {"agent":"cosine-vscode","version":"1.0.6","package":"@cosine/analytics"}
INFO [2023-10-29T13:07:58.687Z]: project_reinitialize_start
INFO [2023-10-29T13:07:58.687Z]: {"agent":"cosine-vscode","version":"1.0.6","package":"@cosine/analytics"}
INFO [2023-10-29T13:07:59.560Z]: project_reinitialize_success
INFO [2023-10-29T13:07:59.561Z]: {"agent":"cosine-vscode","version":"1.0.6","package":"@cosine/analytics"}
INFO [2023-10-29T13:08:13.806Z]: project_reinitialize_start
INFO [2023-10-29T13:08:13.806Z]: {"agent":"cosine-vscode","version":"1.0.6","package":"@cosine/analytics"}
INFO [2023-10-29T13:08:14.751Z]: project_reinitialize_success
INFO [2023-10-29T13:08:14.752Z]: {"agent":"cosine-vscode","version":"1.0.6","package":"@cosine/analytics"}
INFO [2023-10-29T13:08:23.176Z]: project_reinitialize_start
INFO [2023-10-29T13:08:23.176Z]: {"agent":"cosine-vscode","version":"1.0.6","package":"@cosine/analytics"}
INFO [2023-10-29T13:08:24.039Z]: project_reinitialize_success
INFO [2023-10-29T13:08:24.039Z]: {"agent":"cosine-vscode","version":"1.0.6","package":"@cosine/analytics"}
INFO [2023-10-29T13:08:28.623Z]: project_reinitialize_start
INFO [2023-10-29T13:08:28.623Z]: {"agent":"cosine-vscode","version":"1.0.6","package":"@cosine/analytics"}
INFO [2023-10-29T13:08:29.428Z]: project_reinitialize_success
INFO [2023-10-29T13:08:29.428Z]: {"agent":"cosine-vscode","version":"1.0.6","package":"@cosine/analytics"}
INFO [2023-10-29T13:08:33.844Z]: project_reinitialize_start
INFO [2023-10-29T13:08:33.844Z]: {"agent":"cosine-vscode","version":"1.0.6","package":"@cosine/analytics"}
INFO [2023-10-29T13:08:34.632Z]: project_reinitialize_success
INFO [2023-10-29T13:08:34.632Z]: {"agent":"cosine-vscode","version":"1.0.6","package":"@cosine/analytics"}
INFO [2023-10-29T13:08:37.150Z]: project_reinitialize_start
INFO [2023-10-29T13:08:37.150Z]: {"agent":"cosine-vscode","version":"1.0.6","package":"@cosine/analytics"}
INFO [2023-10-29T13:08:37.950Z]: project_reinitialize_success
INFO [2023-10-29T13:08:37.951Z]: {"agent":"cosine-vscode","version":"1.0.6","package":"@cosine/analytics"}
INFO [2023-10-29T13:08:38.905Z]: project_reinitialize_start
INFO [2023-10-29T13:08:38.905Z]: {"agent":"cosine-vscode","version":"1.0.6","package":"@cosine/analytics"}
INFO [2023-10-29T13:08:39.729Z]: project_reinitialize_success
INFO [2023-10-29T13:08:39.730Z]: {"agent":"cosine-vscode","version":"1.0.6","package":"@cosine/analytics"}
INFO [2023-10-29T13:08:47.750Z]: project_reinitialize_start
INFO [2023-10-29T13:08:47.750Z]: {"agent":"cosine-vscode","version":"1.0.6","package":"@cosine/analytics"}
INFO [2023-10-29T13:08:47.946Z]: project_reinitialize_success
INFO [2023-10-29T13:08:47.946Z]: {"agent":"cosine-vscode","version":"1.0.6","package":"@cosine/analytics"}
INFO [2023-10-29T13:08:51.707Z]: project_reinitialize_start
INFO [2023-10-29T13:08:51.707Z]: {"agent":"cosine-vscode","version":"1.0.6","package":"@cosine/analytics"}
INFO [2023-10-29T13:08:52.620Z]: project_reinitialize_success
INFO [2023-10-29T13:08:52.620Z]: {"agent":"cosine-vscode","version":"1.0.6","package":"@cosine/analytics"}
INFO [2023-10-29T13:08:59.941Z]: project_reinitialize_start
INFO [2023-10-29T13:08:59.942Z]: {"agent":"cosine-vscode","version":"1.0.6","package":"@cosine/analytics"}
INFO [2023-10-29T13:09:00.110Z]: project_reinitialize_success
INFO [2023-10-29T13:09:00.111Z]: {"agent":"cosine-vscode","version":"1.0.6","package":"@cosine/analytics"}
INFO [2023-10-29T13:09:08.600Z]: project_reinitialize_start
INFO [2023-10-29T13:09:08.600Z]: {"agent":"cosine-vscode","version":"1.0.6","package":"@cosine/analytics"}
INFO [2023-10-29T13:09:09.409Z]: project_reinitialize_success
INFO [2023-10-29T13:09:09.409Z]: {"agent":"cosine-vscode","version":"1.0.6","package":"@cosine/analytics"}
INFO [2023-10-29T13:09:57.069Z]: project_reinitialize_start
INFO [2023-10-29T13:09:57.069Z]: {"agent":"cosine-vscode","version":"1.0.6","package":"@cosine/analytics"}
INFO [2023-10-29T13:09:57.924Z]: project_reinitialize_success
INFO [2023-10-29T13:09:57.924Z]: {"agent":"cosine-vscode","version":"1.0.6","package":"@cosine/analytics"}
INFO [2023-10-29T13:10:03.082Z]: project_reinitialize_start
INFO [2023-10-29T13:10:03.082Z]: {"agent":"cosine-vscode","version":"1.0.6","package":"@cosine/analytics"}
INFO [2023-10-29T13:10:03.259Z]: project_reinitialize_success
INFO [2023-10-29T13:10:03.259Z]: {"agent":"cosine-vscode","version":"1.0.6","package":"@cosine/analytics"}
INFO [2023-10-29T13:10:07.897Z]: project_reinitialize_start
INFO [2023-10-29T13:10:07.898Z]: {"agent":"cosine-vscode","version":"1.0.6","package":"@cosine/analytics"}
INFO [2023-10-29T13:10:08.713Z]: project_reinitialize_success
INFO [2023-10-29T13:10:08.714Z]: {"agent":"cosine-vscode","version":"1.0.6","package":"@cosine/analytics"}
INFO [2023-10-29T18:17:22.127Z]: opened
INFO [2023-10-29T18:17:22.128Z]: {"agent":"cosine-vscode","version":"1.0.6","package":"@cosine/analytics","token":"1803ee20efed77dfecbf705fb8dc4c18","mp_lib":"node","$lib_version":"0.17.0"}
INFO [2023-10-30T08:59:48.043Z]: opened
INFO [2023-10-30T08:59:48.043Z]: {"agent":"cosine-vscode","version":"1.0.6","package":"@cosine/analytics","token":"1803ee20efed77dfecbf705fb8dc4c18","mp_lib":"node","$lib_version":"0.17.0"}
INFO [2023-10-30T16:22:39.318Z]: opened
INFO [2023-10-30T16:22:39.318Z]: {"agent":"cosine-vscode","version":"1.0.6","package":"@cosine/analytics","token":"1803ee20efed77dfecbf705fb8dc4c18","mp_lib":"node","$lib_version":"0.17.0"}
INFO [2023-10-31T13:20:36.857Z]: opened
INFO [2023-10-31T13:20:36.858Z]: {"agent":"cosine-vscode","version":"1.0.6","package":"@cosine/analytics","token":"1803ee20efed77dfecbf705fb8dc4c18","mp_lib":"node","$lib_version":"0.17.0"}
INFO [2023-11-01T00:51:20.099Z]: opened
INFO [2023-11-01T00:51:20.099Z]: {"agent":"cosine-vscode","version":"1.0.6","package":"@cosine/analytics","token":"1803ee20efed77dfecbf705fb8dc4c18","mp_lib":"node","$lib_version":"0.17.0"}
INFO [2023-11-02T08:22:56.630Z]: opened
INFO [2023-11-02T08:22:56.630Z]: {"agent":"cosine-vscode","version":"1.0.6","package":"@cosine/analytics","token":"1803ee20efed77dfecbf705fb8dc4c18","mp_lib":"node","$lib_version":"0.17.0"}
INFO [2023-11-02T16:07:22.793Z]: opened
INFO [2023-11-02T16:07:22.793Z]: {"agent":"cosine-vscode","version":"1.0.7","package":"@cosine/analytics","token":"1803ee20efed77dfecbf705fb8dc4c18","mp_lib":"node","$lib_version":"0.17.0"}
INFO [2023-11-03T01:34:12.429Z]: opened
INFO [2023-11-03T01:34:12.430Z]: {"agent":"cosine-vscode","version":"1.0.7","package":"@cosine/analytics","token":"1803ee20efed77dfecbf705fb8dc4c18","mp_lib":"node","$lib_version":"0.17.0"}
INFO [2023-11-04T04:40:18.340Z]: opened
INFO [2023-11-04T04:40:18.341Z]: {"agent":"cosine-vscode","version":"1.0.7","package":"@cosine/analytics","token":"1803ee20efed77dfecbf705fb8dc4c18","mp_lib":"node","$lib_version":"0.17.0"}
INFO [2023-11-05T05:37:04.448Z]: opened
INFO [2023-11-05T05:37:04.448Z]: {"agent":"cosine-vscode","version":"1.0.7","package":"@cosine/analytics","token":"1803ee20efed77dfecbf705fb8dc4c18","mp_lib":"node","$lib_version":"0.17.0"}
INFO [2023-11-05T09:46:44.557Z]: opened
INFO [2023-11-05T09:46:44.558Z]: {"agent":"cosine-vscode","version":"1.0.7","package":"@cosine/analytics","token":"1803ee20efed77dfecbf705fb8dc4c18","mp_lib":"node","$lib_version":"0.17.0"}
INFO [2023-11-06T09:11:45.692Z]: opened
INFO [2023-11-06T09:11:45.692Z]: {"agent":"cosine-vscode","version":"1.0.7","package":"@cosine/analytics","token":"1803ee20efed77dfecbf705fb8dc4c18","mp_lib":"node","$lib_version":"0.17.0"}
INFO [2023-11-06T15:39:52.346Z]: opened
INFO [2023-11-06T15:39:52.346Z]: {"agent":"cosine-vscode","version":"1.0.7","package":"@cosine/analytics","token":"1803ee20efed77dfecbf705fb8dc4c18","mp_lib":"node","$lib_version":"0.17.0"}
INFO [2023-11-07T09:46:02.174Z]: opened
INFO [2023-11-07T09:46:02.176Z]: {"agent":"cosine-vscode","version":"1.0.7","package":"@cosine/analytics","token":"1803ee20efed77dfecbf705fb8dc4c18","mp_lib":"node","$lib_version":"0.17.0"}
INFO [2023-11-09T09:39:58.534Z]: opened
INFO [2023-11-09T09:39:58.535Z]: {"agent":"cosine-vscode","version":"1.0.7","package":"@cosine/analytics","token":"1803ee20efed77dfecbf705fb8dc4c18","mp_lib":"node","$lib_version":"0.17.0"}
INFO [2023-11-10T00:48:28.124Z]: opened
INFO [2023-11-10T00:48:28.124Z]: {"agent":"cosine-vscode","version":"1.0.7","package":"@cosine/analytics","token":"1803ee20efed77dfecbf705fb8dc4c18","mp_lib":"node","$lib_version":"0.17.0"}
INFO [2023-11-11T07:03:00.815Z]: opened
INFO [2023-11-11T07:03:00.815Z]: {"agent":"cosine-vscode","version":"1.0.7","package":"@cosine/analytics","token":"1803ee20efed77dfecbf705fb8dc4c18","mp_lib":"node","$lib_version":"0.17.0"}
INFO [2023-11-11T08:54:53.202Z]: Set User: 1ms21cs059@msrit.edu
INFO [2023-11-11T08:54:53.204Z]: {"Telemetry":true}
INFO [2023-11-11T08:54:53.971Z]: project_reinitialize_start
INFO [2023-11-11T08:54:53.971Z]: {"agent":"cosine-vscode","version":"1.0.7","package":"@cosine/analytics"}
INFO [2023-11-11T08:54:53.976Z]: extension_initialized
INFO [2023-11-11T08:54:53.976Z]: {"timeToInit":6189,"agent":"cosine-vscode","version":"1.0.7","package":"@cosine/analytics"}
INFO [2023-11-11T08:55:06.125Z]: project_reinitialize_success
INFO [2023-11-11T08:55:06.126Z]: {"agent":"cosine-vscode","version":"1.0.7","package":"@cosine/analytics"}
INFO [2023-11-11T08:55:40.461Z]: question_start
INFO [2023-11-11T08:55:40.461Z]: {"prompt":"where is stock span in my code base","agent":"cosine-vscode","version":"1.0.7","package":"@cosine/analytics"}
INFO [2023-11-11T08:55:41.633Z]: tool_selected
INFO [2023-11-11T08:55:41.633Z]: {"tool":"search_codebase","agent":"cosine-vscode","version":"1.0.7","package":"@cosine/analytics"}
INFO [2023-11-11T08:55:52.721Z]: question_success
INFO [2023-11-11T08:55:52.721Z]: {"prompt":"where is stock span in my code base","agent":"cosine-vscode","version":"1.0.7","package":"@cosine/analytics"}
INFO [2023-11-11T09:29:09.507Z]: project_reinitialize_start
INFO [2023-11-11T09:29:09.508Z]: {"agent":"cosine-vscode","version":"1.0.7","package":"@cosine/analytics"}
INFO [2023-11-11T09:29:13.057Z]: project_reinitialize_success
INFO [2023-11-11T09:29:13.058Z]: {"agent":"cosine-vscode","version":"1.0.7","package":"@cosine/analytics"}
INFO [2023-11-11T09:33:48.739Z]: project_reinitialize_start
INFO [2023-11-11T09:33:48.740Z]: {"agent":"cosine-vscode","version":"1.0.7","package":"@cosine/analytics"}
INFO [2023-11-11T09:33:48.839Z]: project_reinitialize_start
INFO [2023-11-11T09:33:48.839Z]: {"agent":"cosine-vscode","version":"1.0.7","package":"@cosine/analytics"}
INFO [2023-11-11T09:33:50.080Z]: project_reinitialize_success
INFO [2023-11-11T09:33:50.080Z]: {"agent":"cosine-vscode","version":"1.0.7","package":"@cosine/analytics"}
INFO [2023-11-11T09:33:50.389Z]: project_reinitialize_success
INFO [2023-11-11T09:33:50.390Z]: {"agent":"cosine-vscode","version":"1.0.7","package":"@cosine/analytics"}
INFO [2023-11-11T09:33:58.295Z]: project_reinitialize_start
INFO [2023-11-11T09:33:58.296Z]: {"agent":"cosine-vscode","version":"1.0.7","package":"@cosine/analytics"}
INFO [2023-11-11T09:33:58.396Z]: project_reinitialize_start
INFO [2023-11-11T09:33:58.396Z]: {"agent":"cosine-vscode","version":"1.0.7","package":"@cosine/analytics"}
INFO [2023-11-11T09:33:59.539Z]: project_reinitialize_success
INFO [2023-11-11T09:33:59.539Z]: {"agent":"cosine-vscode","version":"1.0.7","package":"@cosine/analytics"}
INFO [2023-11-11T09:34:00.002Z]: project_reinitialize_success
INFO [2023-11-11T09:34:00.002Z]: {"agent":"cosine-vscode","version":"1.0.7","package":"@cosine/analytics"}
INFO [2023-11-11T09:34:05.718Z]: project_reinitialize_start
INFO [2023-11-11T09:34:05.719Z]: {"agent":"cosine-vscode","version":"1.0.7","package":"@cosine/analytics"}
INFO [2023-11-11T09:34:05.828Z]: project_reinitialize_start
INFO [2023-11-11T09:34:05.828Z]: {"agent":"cosine-vscode","version":"1.0.7","package":"@cosine/analytics"}
INFO [2023-11-11T09:34:06.976Z]: project_reinitialize_success
INFO [2023-11-11T09:34:06.976Z]: {"agent":"cosine-vscode","version":"1.0.7","package":"@cosine/analytics"}
INFO [2023-11-11T09:34:07.375Z]: project_reinitialize_success
INFO [2023-11-11T09:34:07.375Z]: {"agent":"cosine-vscode","version":"1.0.7","package":"@cosine/analytics"}
INFO [2023-11-11T09:34:22.770Z]: project_reinitialize_start
INFO [2023-11-11T09:34:22.771Z]: {"agent":"cosine-vscode","version":"1.0.7","package":"@cosine/analytics"}
INFO [2023-11-11T09:34:22.866Z]: project_reinitialize_start
INFO [2023-11-11T09:34:22.866Z]: {"agent":"cosine-vscode","version":"1.0.7","package":"@cosine/analytics"}
INFO [2023-11-11T09:34:25.710Z]: project_reinitialize_success
INFO [2023-11-11T09:34:25.710Z]: {"agent":"cosine-vscode","version":"1.0.7","package":"@cosine/analytics"}
INFO [2023-11-11T09:34:26.123Z]: project_reinitialize_success
INFO [2023-11-11T09:34:26.123Z]: {"agent":"cosine-vscode","version":"1.0.7","package":"@cosine/analytics"}
INFO [2023-11-11T09:34:27.055Z]: project_reinitialize_start
INFO [2023-11-11T09:34:27.055Z]: {"agent":"cosine-vscode","version":"1.0.7","package":"@cosine/analytics"}
INFO [2023-11-11T09:34:28.410Z]: project_reinitialize_success
INFO [2023-11-11T09:34:28.411Z]: {"agent":"cosine-vscode","version":"1.0.7","package":"@cosine/analytics"}
INFO [2023-11-11T09:34:37.358Z]: project_reinitialize_start
INFO [2023-11-11T09:34:37.358Z]: {"agent":"cosine-vscode","version":"1.0.7","package":"@cosine/analytics"}
INFO [2023-11-11T09:34:37.448Z]: project_reinitialize_start
INFO [2023-11-11T09:34:37.448Z]: {"agent":"cosine-vscode","version":"1.0.7","package":"@cosine/analytics"}
INFO [2023-11-11T09:34:39.536Z]: project_reinitialize_success
INFO [2023-11-11T09:34:39.537Z]: {"agent":"cosine-vscode","version":"1.0.7","package":"@cosine/analytics"}
INFO [2023-11-11T09:34:39.939Z]: project_reinitialize_success
INFO [2023-11-11T09:34:39.940Z]: {"agent":"cosine-vscode","version":"1.0.7","package":"@cosine/analytics"}
INFO [2023-11-11T09:34:43.441Z]: project_reinitialize_start
INFO [2023-11-11T09:34:43.442Z]: {"agent":"cosine-vscode","version":"1.0.7","package":"@cosine/analytics"}
INFO [2023-11-11T09:34:43.601Z]: project_reinitialize_start
INFO [2023-11-11T09:34:43.601Z]: {"agent":"cosine-vscode","version":"1.0.7","package":"@cosine/analytics"}
INFO [2023-11-11T09:34:44.693Z]: project_reinitialize_success
INFO [2023-11-11T09:34:44.693Z]: {"agent":"cosine-vscode","version":"1.0.7","package":"@cosine/analytics"}
INFO [2023-11-11T09:34:45.065Z]: project_reinitialize_success
INFO [2023-11-11T09:34:45.066Z]: {"agent":"cosine-vscode","version":"1.0.7","package":"@cosine/analytics"}
INFO [2023-11-11T09:34:46.333Z]: project_reinitialize_start
INFO [2023-11-11T09:34:46.333Z]: {"agent":"cosine-vscode","version":"1.0.7","package":"@cosine/analytics"}
INFO [2023-11-11T09:34:48.397Z]: project_reinitialize_success
INFO [2023-11-11T09:34:48.397Z]: {"agent":"cosine-vscode","version":"1.0.7","package":"@cosine/analytics"}
INFO [2023-11-11T09:34:56.870Z]: project_reinitialize_start
INFO [2023-11-11T09:34:56.871Z]: {"agent":"cosine-vscode","version":"1.0.7","package":"@cosine/analytics"}
INFO [2023-11-11T09:34:56.938Z]: project_reinitialize_start
INFO [2023-11-11T09:34:56.938Z]: {"agent":"cosine-vscode","version":"1.0.7","package":"@cosine/analytics"}
INFO [2023-11-11T09:34:58.177Z]: project_reinitialize_success
INFO [2023-11-11T09:34:58.177Z]: {"agent":"cosine-vscode","version":"1.0.7","package":"@cosine/analytics"}
INFO [2023-11-11T09:34:58.580Z]: project_reinitialize_success
INFO [2023-11-11T09:34:58.580Z]: {"agent":"cosine-vscode","version":"1.0.7","package":"@cosine/analytics"}
INFO [2023-11-11T09:35:05.513Z]: project_reinitialize_start
INFO [2023-11-11T09:35:05.513Z]: {"agent":"cosine-vscode","version":"1.0.7","package":"@cosine/analytics"}
INFO [2023-11-11T09:35:05.700Z]: project_reinitialize_start
INFO [2023-11-11T09:35:05.701Z]: {"agent":"cosine-vscode","version":"1.0.7","package":"@cosine/analytics"}
INFO [2023-11-11T09:35:06.901Z]: project_reinitialize_success
INFO [2023-11-11T09:35:06.902Z]: {"agent":"cosine-vscode","version":"1.0.7","package":"@cosine/analytics"}
INFO [2023-11-11T09:35:07.273Z]: project_reinitialize_success
INFO [2023-11-11T09:35:07.273Z]: {"agent":"cosine-vscode","version":"1.0.7","package":"@cosine/analytics"}
INFO [2023-11-11T09:35:13.766Z]: project_reinitialize_start
INFO [2023-11-11T09:35:13.766Z]: {"agent":"cosine-vscode","version":"1.0.7","package":"@cosine/analytics"}
INFO [2023-11-11T09:35:13.865Z]: project_reinitialize_start
INFO [2023-11-11T09:35:13.865Z]: {"agent":"cosine-vscode","version":"1.0.7","package":"@cosine/analytics"}
INFO [2023-11-11T09:35:16.110Z]: project_reinitialize_success
INFO [2023-11-11T09:35:16.111Z]: {"agent":"cosine-vscode","version":"1.0.7","package":"@cosine/analytics"}
INFO [2023-11-11T09:35:16.532Z]: project_reinitialize_start
INFO [2023-11-11T09:35:16.532Z]: {"agent":"cosine-vscode","version":"1.0.7","package":"@cosine/analytics"}
INFO [2023-11-11T09:35:16.544Z]: project_reinitialize_start
INFO [2023-11-11T09:35:16.544Z]: {"agent":"cosine-vscode","version":"1.0.7","package":"@cosine/analytics"}
INFO [2023-11-11T09:35:18.544Z]: project_reinitialize_success
INFO [2023-11-11T09:35:18.544Z]: {"agent":"cosine-vscode","version":"1.0.7","package":"@cosine/analytics"}
INFO [2023-11-11T09:35:19.362Z]: project_reinitialize_start
INFO [2023-11-11T09:35:19.363Z]: {"agent":"cosine-vscode","version":"1.0.7","package":"@cosine/analytics"}
INFO [2023-11-11T09:35:19.924Z]: project_reinitialize_success
INFO [2023-11-11T09:35:19.924Z]: {"agent":"cosine-vscode","version":"1.0.7","package":"@cosine/analytics"}
INFO [2023-11-11T09:35:20.352Z]: project_reinitialize_success
INFO [2023-11-11T09:35:20.352Z]: {"agent":"cosine-vscode","version":"1.0.7","package":"@cosine/analytics"}
INFO [2023-11-11T09:35:20.663Z]: project_reinitialize_success
INFO [2023-11-11T09:35:20.663Z]: {"agent":"cosine-vscode","version":"1.0.7","package":"@cosine/analytics"}
INFO [2023-11-11T09:35:24.524Z]: project_reinitialize_start
INFO [2023-11-11T09:35:24.524Z]: {"agent":"cosine-vscode","version":"1.0.7","package":"@cosine/analytics"}
INFO [2023-11-11T09:35:24.641Z]: project_reinitialize_start
INFO [2023-11-11T09:35:24.641Z]: {"agent":"cosine-vscode","version":"1.0.7","package":"@cosine/analytics"}
INFO [2023-11-11T09:35:24.909Z]: project_reinitialize_success
INFO [2023-11-11T09:35:24.909Z]: {"agent":"cosine-vscode","version":"1.0.7","package":"@cosine/analytics"}
INFO [2023-11-11T09:35:25.160Z]: project_reinitialize_success
INFO [2023-11-11T09:35:25.160Z]: {"agent":"cosine-vscode","version":"1.0.7","package":"@cosine/analytics"}
INFO [2023-11-11T09:35:30.464Z]: project_reinitialize_start
INFO [2023-11-11T09:35:30.464Z]: {"agent":"cosine-vscode","version":"1.0.7","package":"@cosine/analytics"}
INFO [2023-11-11T09:35:30.575Z]: project_reinitialize_start
INFO [2023-11-11T09:35:30.575Z]: {"agent":"cosine-vscode","version":"1.0.7","package":"@cosine/analytics"}
INFO [2023-11-11T09:35:31.679Z]: project_reinitialize_success
INFO [2023-11-11T09:35:31.680Z]: {"agent":"cosine-vscode","version":"1.0.7","package":"@cosine/analytics"}
INFO [2023-11-11T09:35:32.052Z]: project_reinitialize_success
INFO [2023-11-11T09:35:32.053Z]: {"agent":"cosine-vscode","version":"1.0.7","package":"@cosine/analytics"}
INFO [2023-11-11T09:35:33.699Z]: project_reinitialize_start
INFO [2023-11-11T09:35:33.700Z]: {"agent":"cosine-vscode","version":"1.0.7","package":"@cosine/analytics"}
INFO [2023-11-11T09:35:33.793Z]: project_reinitialize_start
INFO [2023-11-11T09:35:33.793Z]: {"agent":"cosine-vscode","version":"1.0.7","package":"@cosine/analytics"}
INFO [2023-11-11T09:35:35.001Z]: project_reinitialize_success
INFO [2023-11-11T09:35:35.001Z]: {"agent":"cosine-vscode","version":"1.0.7","package":"@cosine/analytics"}
INFO [2023-11-11T09:35:35.397Z]: project_reinitialize_success
INFO [2023-11-11T09:35:35.398Z]: {"agent":"cosine-vscode","version":"1.0.7","package":"@cosine/analytics"}
INFO [2023-11-11T09:35:38.716Z]: project_reinitialize_start
INFO [2023-11-11T09:35:38.717Z]: {"agent":"cosine-vscode","version":"1.0.7","package":"@cosine/analytics"}
INFO [2023-11-11T09:35:38.817Z]: project_reinitialize_start
INFO [2023-11-11T09:35:38.817Z]: {"agent":"cosine-vscode","version":"1.0.7","package":"@cosine/analytics"}
INFO [2023-11-11T09:35:40.154Z]: project_reinitialize_success
INFO [2023-11-11T09:35:40.155Z]: {"agent":"cosine-vscode","version":"1.0.7","package":"@cosine/analytics"}
INFO [2023-11-11T09:35:40.494Z]: project_reinitialize_success
INFO [2023-11-11T09:35:40.494Z]: {"agent":"cosine-vscode","version":"1.0.7","package":"@cosine/analytics"}
INFO [2023-11-11T09:35:42.495Z]: project_reinitialize_start
INFO [2023-11-11T09:35:42.496Z]: {"agent":"cosine-vscode","version":"1.0.7","package":"@cosine/analytics"}
INFO [2023-11-11T09:35:42.639Z]: project_reinitialize_start
INFO [2023-11-11T09:35:42.639Z]: {"agent":"cosine-vscode","version":"1.0.7","package":"@cosine/analytics"}
INFO [2023-11-11T09:35:43.886Z]: project_reinitialize_success
INFO [2023-11-11T09:35:43.887Z]: {"agent":"cosine-vscode","version":"1.0.7","package":"@cosine/analytics"}
INFO [2023-11-11T09:35:44.014Z]: project_reinitialize_start
INFO [2023-11-11T09:35:44.014Z]: {"agent":"cosine-vscode","version":"1.0.7","package":"@cosine/analytics"}
INFO [2023-11-11T09:35:45.216Z]: project_reinitialize_success
INFO [2023-11-11T09:35:45.216Z]: {"agent":"cosine-vscode","version":"1.0.7","package":"@cosine/analytics"}
INFO [2023-11-11T09:35:45.642Z]: project_reinitialize_success
INFO [2023-11-11T09:35:45.643Z]: {"agent":"cosine-vscode","version":"1.0.7","package":"@cosine/analytics"}
INFO [2023-11-11T09:35:46.740Z]: project_reinitialize_start
INFO [2023-11-11T09:35:46.741Z]: {"agent":"cosine-vscode","version":"1.0.7","package":"@cosine/analytics"}
INFO [2023-11-11T09:35:48.125Z]: project_reinitialize_success
INFO [2023-11-11T09:35:48.126Z]: {"agent":"cosine-vscode","version":"1.0.7","package":"@cosine/analytics"}
INFO [2023-11-11T09:36:34.647Z]: project_reinitialize_start
INFO [2023-11-11T09:36:34.647Z]: {"agent":"cosine-vscode","version":"1.0.7","package":"@cosine/analytics"}
INFO [2023-11-11T09:36:34.732Z]: project_reinitialize_start
INFO [2023-11-11T09:36:34.732Z]: {"agent":"cosine-vscode","version":"1.0.7","package":"@cosine/analytics"}
INFO [2023-11-11T09:36:36.848Z]: project_reinitialize_success
INFO [2023-11-11T09:36:36.848Z]: {"agent":"cosine-vscode","version":"1.0.7","package":"@cosine/analytics"}
INFO [2023-11-11T09:36:37.154Z]: project_reinitialize_success
INFO [2023-11-11T09:36:37.154Z]: {"agent":"cosine-vscode","version":"1.0.7","package":"@cosine/analytics"}
INFO [2023-11-11T09:36:39.346Z]: project_reinitialize_start
INFO [2023-11-11T09:36:39.346Z]: {"agent":"cosine-vscode","version":"1.0.7","package":"@cosine/analytics"}
INFO [2023-11-11T09:36:39.470Z]: project_reinitialize_start
INFO [2023-11-11T09:36:39.470Z]: {"agent":"cosine-vscode","version":"1.0.7","package":"@cosine/analytics"}
INFO [2023-11-11T09:36:40.636Z]: project_reinitialize_start
INFO [2023-11-11T09:36:40.636Z]: {"agent":"cosine-vscode","version":"1.0.7","package":"@cosine/analytics"}
INFO [2023-11-11T09:36:40.750Z]: project_reinitialize_success
INFO [2023-11-11T09:36:40.751Z]: {"agent":"cosine-vscode","version":"1.0.7","package":"@cosine/analytics"}
INFO [2023-11-11T09:36:41.927Z]: project_reinitialize_success
INFO [2023-11-11T09:36:41.927Z]: {"agent":"cosine-vscode","version":"1.0.7","package":"@cosine/analytics"}
INFO [2023-11-11T09:36:42.655Z]: project_reinitialize_start
INFO [2023-11-11T09:36:42.655Z]: {"agent":"cosine-vscode","version":"1.0.7","package":"@cosine/analytics"}
INFO [2023-11-11T09:36:43.217Z]: project_reinitialize_success
INFO [2023-11-11T09:36:43.217Z]: {"agent":"cosine-vscode","version":"1.0.7","package":"@cosine/analytics"}
INFO [2023-11-11T09:36:43.598Z]: project_reinitialize_success
INFO [2023-11-11T09:36:43.599Z]: {"agent":"cosine-vscode","version":"1.0.7","package":"@cosine/analytics"}
INFO [2023-11-11T09:36:49.377Z]: project_reinitialize_start
INFO [2023-11-11T09:36:49.378Z]: {"agent":"cosine-vscode","version":"1.0.7","package":"@cosine/analytics"}
INFO [2023-11-11T09:36:49.469Z]: project_reinitialize_start
INFO [2023-11-11T09:36:49.469Z]: {"agent":"cosine-vscode","version":"1.0.7","package":"@cosine/analytics"}
INFO [2023-11-11T09:36:50.658Z]: project_reinitialize_success
INFO [2023-11-11T09:36:50.658Z]: {"agent":"cosine-vscode","version":"1.0.7","package":"@cosine/analytics"}
INFO [2023-11-11T09:36:50.946Z]: project_reinitialize_success
INFO [2023-11-11T09:36:50.947Z]: {"agent":"cosine-vscode","version":"1.0.7","package":"@cosine/analytics"}
INFO [2023-11-11T09:36:53.346Z]: project_reinitialize_start
INFO [2023-11-11T09:36:53.346Z]: {"agent":"cosine-vscode","version":"1.0.7","package":"@cosine/analytics"}
INFO [2023-11-11T09:36:53.445Z]: project_reinitialize_start
INFO [2023-11-11T09:36:53.445Z]: {"agent":"cosine-vscode","version":"1.0.7","package":"@cosine/analytics"}
INFO [2023-11-11T09:36:54.578Z]: project_reinitialize_success
INFO [2023-11-11T09:36:54.578Z]: {"agent":"cosine-vscode","version":"1.0.7","package":"@cosine/analytics"}
INFO [2023-11-11T09:36:54.892Z]: project_reinitialize_success
INFO [2023-11-11T09:36:54.893Z]: {"agent":"cosine-vscode","version":"1.0.7","package":"@cosine/analytics"}
INFO [2023-11-11T09:36:56.306Z]: project_reinitialize_start
INFO [2023-11-11T09:36:56.306Z]: {"agent":"cosine-vscode","version":"1.0.7","package":"@cosine/analytics"}
INFO [2023-11-11T09:36:57.449Z]: project_reinitialize_success
INFO [2023-11-11T09:36:57.449Z]: {"agent":"cosine-vscode","version":"1.0.7","package":"@cosine/analytics"}
INFO [2023-11-11T09:37:01.606Z]: project_reinitialize_start
INFO [2023-11-11T09:37:01.607Z]: {"agent":"cosine-vscode","version":"1.0.7","package":"@cosine/analytics"}
INFO [2023-11-11T09:37:01.703Z]: project_reinitialize_start
INFO [2023-11-11T09:37:01.703Z]: {"agent":"cosine-vscode","version":"1.0.7","package":"@cosine/analytics"}
INFO [2023-11-11T09:37:02.715Z]: project_reinitialize_success
INFO [2023-11-11T09:37:02.715Z]: {"agent":"cosine-vscode","version":"1.0.7","package":"@cosine/analytics"}
INFO [2023-11-11T09:37:03.110Z]: project_reinitialize_success
INFO [2023-11-11T09:37:03.110Z]: {"agent":"cosine-vscode","version":"1.0.7","package":"@cosine/analytics"}
INFO [2023-11-11T09:37:05.752Z]: project_reinitialize_start
INFO [2023-11-11T09:37:05.753Z]: {"agent":"cosine-vscode","version":"1.0.7","package":"@cosine/analytics"}
INFO [2023-11-11T09:37:05.807Z]: project_reinitialize_start
INFO [2023-11-11T09:37:05.807Z]: {"agent":"cosine-vscode","version":"1.0.7","package":"@cosine/analytics"}
INFO [2023-11-11T09:37:07.017Z]: project_reinitialize_success
INFO [2023-11-11T09:37:07.018Z]: {"agent":"cosine-vscode","version":"1.0.7","package":"@cosine/analytics"}
INFO [2023-11-11T09:37:07.311Z]: project_reinitialize_success
INFO [2023-11-11T09:37:07.311Z]: {"agent":"cosine-vscode","version":"1.0.7","package":"@cosine/analytics"}
INFO [2023-11-11T09:37:07.459Z]: project_reinitialize_start
INFO [2023-11-11T09:37:07.459Z]: {"agent":"cosine-vscode","version":"1.0.7","package":"@cosine/analytics"}
INFO [2023-11-11T09:37:08.119Z]: project_reinitialize_start
INFO [2023-11-11T09:37:08.119Z]: {"agent":"cosine-vscode","version":"1.0.7","package":"@cosine/analytics"}
INFO [2023-11-11T09:37:08.765Z]: project_reinitialize_start
INFO [2023-11-11T09:37:08.766Z]: {"agent":"cosine-vscode","version":"1.0.7","package":"@cosine/analytics"}
INFO [2023-11-11T09:37:08.791Z]: project_reinitialize_success
INFO [2023-11-11T09:37:08.791Z]: {"agent":"cosine-vscode","version":"1.0.7","package":"@cosine/analytics"}
INFO [2023-11-11T09:37:10.075Z]: project_reinitialize_success
INFO [2023-11-11T09:37:10.076Z]: {"agent":"cosine-vscode","version":"1.0.7","package":"@cosine/analytics"}
INFO [2023-11-11T09:37:10.462Z]: project_reinitialize_success
INFO [2023-11-11T09:37:10.463Z]: {"agent":"cosine-vscode","version":"1.0.7","package":"@cosine/analytics"}
INFO [2023-11-11T09:37:11.551Z]: project_reinitialize_start
INFO [2023-11-11T09:37:11.551Z]: {"agent":"cosine-vscode","version":"1.0.7","package":"@cosine/analytics"}
INFO [2023-11-11T09:37:12.741Z]: project_reinitialize_success
INFO [2023-11-11T09:37:12.742Z]: {"agent":"cosine-vscode","version":"1.0.7","package":"@cosine/analytics"}
INFO [2023-11-11T09:37:20.552Z]: project_reinitialize_start
INFO [2023-11-11T09:37:20.553Z]: {"agent":"cosine-vscode","version":"1.0.7","package":"@cosine/analytics"}
INFO [2023-11-11T09:37:20.693Z]: project_reinitialize_start
INFO [2023-11-11T09:37:20.693Z]: {"agent":"cosine-vscode","version":"1.0.7","package":"@cosine/analytics"}
INFO [2023-11-11T09:37:22.831Z]: project_reinitialize_success
INFO [2023-11-11T09:37:22.831Z]: {"agent":"cosine-vscode","version":"1.0.7","package":"@cosine/analytics"}
INFO [2023-11-11T09:37:23.686Z]: project_reinitialize_start
INFO [2023-11-11T09:37:23.687Z]: {"agent":"cosine-vscode","version":"1.0.7","package":"@cosine/analytics"}
INFO [2023-11-11T09:37:24.261Z]: project_reinitialize_success
INFO [2023-11-11T09:37:24.261Z]: {"agent":"cosine-vscode","version":"1.0.7","package":"@cosine/analytics"}
INFO [2023-11-11T09:37:24.576Z]: project_reinitialize_success
INFO [2023-11-11T09:37:24.576Z]: {"agent":"cosine-vscode","version":"1.0.7","package":"@cosine/analytics"}
INFO [2023-11-11T09:37:26.090Z]: project_reinitialize_start
INFO [2023-11-11T09:37:26.090Z]: {"agent":"cosine-vscode","version":"1.0.7","package":"@cosine/analytics"}
INFO [2023-11-11T09:37:27.340Z]: project_reinitialize_success
INFO [2023-11-11T09:37:27.340Z]: {"agent":"cosine-vscode","version":"1.0.7","package":"@cosine/analytics"}
INFO [2023-11-11T09:37:38.483Z]: project_reinitialize_start
INFO [2023-11-11T09:37:38.484Z]: {"agent":"cosine-vscode","version":"1.0.7","package":"@cosine/analytics"}
INFO [2023-11-11T09:37:38.604Z]: project_reinitialize_start
INFO [2023-11-11T09:37:38.604Z]: {"agent":"cosine-vscode","version":"1.0.7","package":"@cosine/analytics"}
INFO [2023-11-11T09:37:39.743Z]: project_reinitialize_success
INFO [2023-11-11T09:37:39.743Z]: {"agent":"cosine-vscode","version":"1.0.7","package":"@cosine/analytics"}
INFO [2023-11-11T09:37:40.129Z]: project_reinitialize_success
INFO [2023-11-11T09:37:40.130Z]: {"agent":"cosine-vscode","version":"1.0.7","package":"@cosine/analytics"}
INFO [2023-11-11T09:37:44.838Z]: project_reinitialize_start
INFO [2023-11-11T09:37:44.838Z]: {"agent":"cosine-vscode","version":"1.0.7","package":"@cosine/analytics"}
INFO [2023-11-11T09:37:45.026Z]: project_reinitialize_start
INFO [2023-11-11T09:37:45.026Z]: {"agent":"cosine-vscode","version":"1.0.7","package":"@cosine/analytics"}
INFO [2023-11-11T09:37:46.229Z]: project_reinitialize_success
INFO [2023-11-11T09:37:46.230Z]: {"agent":"cosine-vscode","version":"1.0.7","package":"@cosine/analytics"}
INFO [2023-11-11T09:37:46.549Z]: project_reinitialize_success
INFO [2023-11-11T09:37:46.550Z]: {"agent":"cosine-vscode","version":"1.0.7","package":"@cosine/analytics"}
INFO [2023-11-11T09:37:48.331Z]: project_reinitialize_start
INFO [2023-11-11T09:37:48.332Z]: {"agent":"cosine-vscode","version":"1.0.7","package":"@cosine/analytics"}
INFO [2023-11-11T09:37:48.434Z]: project_reinitialize_start
INFO [2023-11-11T09:37:48.434Z]: {"agent":"cosine-vscode","version":"1.0.7","package":"@cosine/analytics"}
INFO [2023-11-11T09:37:49.744Z]: project_reinitialize_success
INFO [2023-11-11T09:37:49.745Z]: {"agent":"cosine-vscode","version":"1.0.7","package":"@cosine/analytics"}
INFO [2023-11-11T09:37:50.492Z]: project_reinitialize_start
INFO [2023-11-11T09:37:50.492Z]: {"agent":"cosine-vscode","version":"1.0.7","package":"@cosine/analytics"}
INFO [2023-11-11T09:37:51.096Z]: project_reinitialize_success
INFO [2023-11-11T09:37:51.096Z]: {"agent":"cosine-vscode","version":"1.0.7","package":"@cosine/analytics"}
INFO [2023-11-11T09:37:51.498Z]: project_reinitialize_success
INFO [2023-11-11T09:37:51.498Z]: {"agent":"cosine-vscode","version":"1.0.7","package":"@cosine/analytics"}
INFO [2023-11-11T09:38:17.623Z]: project_reinitialize_start
INFO [2023-11-11T09:38:17.623Z]: {"agent":"cosine-vscode","version":"1.0.7","package":"@cosine/analytics"}
INFO [2023-11-11T09:38:17.699Z]: project_reinitialize_start
INFO [2023-11-11T09:38:17.699Z]: {"agent":"cosine-vscode","version":"1.0.7","package":"@cosine/analytics"}
INFO [2023-11-11T09:38:19.285Z]: project_reinitialize_start
INFO [2023-11-11T09:38:19.285Z]: {"agent":"cosine-vscode","version":"1.0.7","package":"@cosine/analytics"}
INFO [2023-11-11T09:38:19.706Z]: project_reinitialize_success
INFO [2023-11-11T09:38:19.706Z]: {"agent":"cosine-vscode","version":"1.0.7","package":"@cosine/analytics"}
INFO [2023-11-11T09:38:21.819Z]: project_reinitialize_success
INFO [2023-11-11T09:38:21.819Z]: {"agent":"cosine-vscode","version":"1.0.7","package":"@cosine/analytics"}
INFO [2023-11-11T09:38:22.222Z]: project_reinitialize_success
INFO [2023-11-11T09:38:22.223Z]: {"agent":"cosine-vscode","version":"1.0.7","package":"@cosine/analytics"}
INFO [2023-11-11T09:38:26.624Z]: project_reinitialize_start
INFO [2023-11-11T09:38:26.625Z]: {"agent":"cosine-vscode","version":"1.0.7","package":"@cosine/analytics"}
INFO [2023-11-11T09:38:27.900Z]: project_reinitialize_success
INFO [2023-11-11T09:38:27.900Z]: {"agent":"cosine-vscode","version":"1.0.7","package":"@cosine/analytics"}
INFO [2023-11-11T09:38:28.468Z]: project_reinitialize_start
INFO [2023-11-11T09:38:28.468Z]: {"agent":"cosine-vscode","version":"1.0.7","package":"@cosine/analytics"}
INFO [2023-11-11T09:38:30.521Z]: project_reinitialize_success
INFO [2023-11-11T09:38:30.522Z]: {"agent":"cosine-vscode","version":"1.0.7","package":"@cosine/analytics"}
INFO [2023-11-11T09:38:33.999Z]: project_reinitialize_start
INFO [2023-11-11T09:38:34.000Z]: {"agent":"cosine-vscode","version":"1.0.7","package":"@cosine/analytics"}
INFO [2023-11-11T09:38:34.284Z]: project_reinitialize_success
INFO [2023-11-11T09:38:34.284Z]: {"agent":"cosine-vscode","version":"1.0.7","package":"@cosine/analytics"}
INFO [2023-11-11T09:39:06.672Z]: project_reinitialize_start
INFO [2023-11-11T09:39:06.672Z]: {"agent":"cosine-vscode","version":"1.0.7","package":"@cosine/analytics"}
INFO [2023-11-11T09:39:06.779Z]: project_reinitialize_start
INFO [2023-11-11T09:39:06.779Z]: {"agent":"cosine-vscode","version":"1.0.7","package":"@cosine/analytics"}
INFO [2023-11-11T09:39:08.877Z]: project_reinitialize_success
INFO [2023-11-11T09:39:08.878Z]: {"agent":"cosine-vscode","version":"1.0.7","package":"@cosine/analytics"}
INFO [2023-11-11T09:39:09.253Z]: project_reinitialize_success
INFO [2023-11-11T09:39:09.254Z]: {"agent":"cosine-vscode","version":"1.0.7","package":"@cosine/analytics"}
INFO [2023-11-11T09:39:09.987Z]: project_reinitialize_start
INFO [2023-11-11T09:39:09.988Z]: {"agent":"cosine-vscode","version":"1.0.7","package":"@cosine/analytics"}
INFO [2023-11-11T09:39:12.136Z]: project_reinitialize_success
INFO [2023-11-11T09:39:12.137Z]: {"agent":"cosine-vscode","version":"1.0.7","package":"@cosine/analytics"}
INFO [2023-11-11T09:39:16.174Z]: project_reinitialize_start
INFO [2023-11-11T09:39:16.175Z]: {"agent":"cosine-vscode","version":"1.0.7","package":"@cosine/analytics"}
INFO [2023-11-11T09:39:18.542Z]: project_reinitialize_success
INFO [2023-11-11T09:39:18.542Z]: {"agent":"cosine-vscode","version":"1.0.7","package":"@cosine/analytics"}
INFO [2023-11-11T09:39:40.577Z]: project_reinitialize_start
INFO [2023-11-11T09:39:40.577Z]: {"agent":"cosine-vscode","version":"1.0.7","package":"@cosine/analytics"}
INFO [2023-11-11T09:39:42.831Z]: project_reinitialize_success
INFO [2023-11-11T09:39:42.832Z]: {"agent":"cosine-vscode","version":"1.0.7","package":"@cosine/analytics"}
INFO [2023-11-11T09:39:47.779Z]: project_reinitialize_start
INFO [2023-11-11T09:39:47.779Z]: {"agent":"cosine-vscode","version":"1.0.7","package":"@cosine/analytics"}
INFO [2023-11-11T09:39:49.995Z]: project_reinitialize_success
INFO [2023-11-11T09:39:49.995Z]: {"agent":"cosine-vscode","version":"1.0.7","package":"@cosine/analytics"}
INFO [2023-11-11T09:40:07.453Z]: project_reinitialize_start
INFO [2023-11-11T09:40:07.456Z]: {"agent":"cosine-vscode","version":"1.0.7","package":"@cosine/analytics"}
INFO [2023-11-11T09:40:09.625Z]: project_reinitialize_success
INFO [2023-11-11T09:40:09.625Z]: {"agent":"cosine-vscode","version":"1.0.7","package":"@cosine/analytics"}
INFO [2023-11-11T09:42:03.456Z]: project_reinitialize_start
INFO [2023-11-11T09:42:03.457Z]: {"agent":"cosine-vscode","version":"1.0.7","package":"@cosine/analytics"}
INFO [2023-11-11T09:42:03.565Z]: project_reinitialize_start
INFO [2023-11-11T09:42:03.565Z]: {"agent":"cosine-vscode","version":"1.0.7","package":"@cosine/analytics"}
INFO [2023-11-11T09:42:05.664Z]: project_reinitialize_success
INFO [2023-11-11T09:42:05.668Z]: {"agent":"cosine-vscode","version":"1.0.7","package":"@cosine/analytics"}
INFO [2023-11-11T09:42:06.031Z]: project_reinitialize_success
INFO [2023-11-11T09:42:06.032Z]: {"agent":"cosine-vscode","version":"1.0.7","package":"@cosine/analytics"}
INFO [2023-11-11T09:42:13.837Z]: project_reinitialize_start
INFO [2023-11-11T09:42:13.838Z]: {"agent":"cosine-vscode","version":"1.0.7","package":"@cosine/analytics"}
INFO [2023-11-11T09:42:16.431Z]: project_reinitialize_success
INFO [2023-11-11T09:42:16.431Z]: {"agent":"cosine-vscode","version":"1.0.7","package":"@cosine/analytics"}
INFO [2023-11-11T09:42:21.118Z]: project_reinitialize_start
INFO [2023-11-11T09:42:21.118Z]: {"agent":"cosine-vscode","version":"1.0.7","package":"@cosine/analytics"}
INFO [2023-11-11T09:42:23.413Z]: project_reinitialize_success
INFO [2023-11-11T09:42:23.414Z]: {"agent":"cosine-vscode","version":"1.0.7","package":"@cosine/analytics"}
INFO [2023-11-11T09:42:24.589Z]: project_reinitialize_start
INFO [2023-11-11T09:42:24.590Z]: {"agent":"cosine-vscode","version":"1.0.7","package":"@cosine/analytics"}
INFO [2023-11-11T09:42:26.653Z]: project_reinitialize_success
INFO [2023-11-11T09:42:26.653Z]: {"agent":"cosine-vscode","version":"1.0.7","package":"@cosine/analytics"}
INFO [2023-11-11T09:42:28.316Z]: project_reinitialize_start
INFO [2023-11-11T09:42:28.317Z]: {"agent":"cosine-vscode","version":"1.0.7","package":"@cosine/analytics"}
INFO [2023-11-11T09:42:30.518Z]: project_reinitialize_success
INFO [2023-11-11T09:42:30.518Z]: {"agent":"cosine-vscode","version":"1.0.7","package":"@cosine/analytics"}
INFO [2023-11-11T09:42:33.864Z]: project_reinitialize_start
INFO [2023-11-11T09:42:33.865Z]: {"agent":"cosine-vscode","version":"1.0.7","package":"@cosine/analytics"}
INFO [2023-11-11T09:42:35.887Z]: project_reinitialize_success
INFO [2023-11-11T09:42:35.888Z]: {"agent":"cosine-vscode","version":"1.0.7","package":"@cosine/analytics"}
INFO [2023-11-11T09:42:44.276Z]: project_reinitialize_start
INFO [2023-11-11T09:42:44.276Z]: {"agent":"cosine-vscode","version":"1.0.7","package":"@cosine/analytics"}
INFO [2023-11-11T09:42:44.374Z]: project_reinitialize_start
INFO [2023-11-11T09:42:44.374Z]: {"agent":"cosine-vscode","version":"1.0.7","package":"@cosine/analytics"}
INFO [2023-11-11T09:42:46.442Z]: project_reinitialize_success
INFO [2023-11-11T09:42:46.442Z]: {"agent":"cosine-vscode","version":"1.0.7","package":"@cosine/analytics"}
INFO [2023-11-11T09:42:46.832Z]: project_reinitialize_success
INFO [2023-11-11T09:42:46.832Z]: {"agent":"cosine-vscode","version":"1.0.7","package":"@cosine/analytics"}
INFO [2023-11-11T09:43:10.042Z]: project_reinitialize_start
INFO [2023-11-11T09:43:10.042Z]: {"agent":"cosine-vscode","version":"1.0.7","package":"@cosine/analytics"}
INFO [2023-11-11T09:43:14.112Z]: project_reinitialize_start
INFO [2023-11-11T09:43:14.112Z]: {"agent":"cosine-vscode","version":"1.0.7","package":"@cosine/analytics"}
INFO [2023-11-11T09:43:14.312Z]: project_reinitialize_success
INFO [2023-11-11T09:43:14.312Z]: {"agent":"cosine-vscode","version":"1.0.7","package":"@cosine/analytics"}
INFO [2023-11-11T09:43:16.407Z]: project_reinitialize_start
INFO [2023-11-11T09:43:16.408Z]: {"agent":"cosine-vscode","version":"1.0.7","package":"@cosine/analytics"}
INFO [2023-11-11T09:43:16.584Z]: project_reinitialize_start
INFO [2023-11-11T09:43:16.584Z]: {"agent":"cosine-vscode","version":"1.0.7","package":"@cosine/analytics"}
INFO [2023-11-11T09:43:17.047Z]: project_reinitialize_success
INFO [2023-11-11T09:43:17.047Z]: {"agent":"cosine-vscode","version":"1.0.7","package":"@cosine/analytics"}
INFO [2023-11-11T09:43:20.503Z]: project_reinitialize_success
INFO [2023-11-11T09:43:20.505Z]: {"agent":"cosine-vscode","version":"1.0.7","package":"@cosine/analytics"}
INFO [2023-11-11T09:43:20.824Z]: project_reinitialize_success
INFO [2023-11-11T09:43:20.825Z]: {"agent":"cosine-vscode","version":"1.0.7","package":"@cosine/analytics"}
INFO [2023-11-11T09:43:21.734Z]: project_reinitialize_start
INFO [2023-11-11T09:43:21.734Z]: {"agent":"cosine-vscode","version":"1.0.7","package":"@cosine/analytics"}
INFO [2023-11-11T09:43:24.111Z]: project_reinitialize_success
INFO [2023-11-11T09:43:24.112Z]: {"agent":"cosine-vscode","version":"1.0.7","package":"@cosine/analytics"}
INFO [2023-11-11T09:43:28.000Z]: project_reinitialize_start
INFO [2023-11-11T09:43:28.000Z]: {"agent":"cosine-vscode","version":"1.0.7","package":"@cosine/analytics"}
INFO [2023-11-11T09:43:30.780Z]: project_reinitialize_success
INFO [2023-11-11T09:43:30.780Z]: {"agent":"cosine-vscode","version":"1.0.7","package":"@cosine/analytics"}
INFO [2023-11-11T09:43:33.139Z]: project_reinitialize_start
INFO [2023-11-11T09:43:33.140Z]: {"agent":"cosine-vscode","version":"1.0.7","package":"@cosine/analytics"}
INFO [2023-11-11T09:43:36.625Z]: project_reinitialize_success
INFO [2023-11-11T09:43:36.626Z]: {"agent":"cosine-vscode","version":"1.0.7","package":"@cosine/analytics"}
INFO [2023-11-11T09:43:39.988Z]: project_reinitialize_start
INFO [2023-11-11T09:43:39.988Z]: {"agent":"cosine-vscode","version":"1.0.7","package":"@cosine/analytics"}
INFO [2023-11-11T09:43:41.866Z]: project_reinitialize_start
INFO [2023-11-11T09:43:41.867Z]: {"agent":"cosine-vscode","version":"1.0.7","package":"@cosine/analytics"}
INFO [2023-11-11T09:43:42.495Z]: project_reinitialize_success
INFO [2023-11-11T09:43:42.495Z]: {"agent":"cosine-vscode","version":"1.0.7","package":"@cosine/analytics"}
INFO [2023-11-11T09:43:42.529Z]: project_reinitialize_start
INFO [2023-11-11T09:43:42.529Z]: {"agent":"cosine-vscode","version":"1.0.7","package":"@cosine/analytics"}
INFO [2023-11-11T09:43:44.982Z]: project_reinitialize_success
INFO [2023-11-11T09:43:44.982Z]: {"agent":"cosine-vscode","version":"1.0.7","package":"@cosine/analytics"}
INFO [2023-11-11T09:43:45.320Z]: project_reinitialize_success
INFO [2023-11-11T09:43:45.321Z]: {"agent":"cosine-vscode","version":"1.0.7","package":"@cosine/analytics"}
INFO [2023-11-11T09:43:45.913Z]: project_reinitialize_start
INFO [2023-11-11T09:43:45.913Z]: {"agent":"cosine-vscode","version":"1.0.7","package":"@cosine/analytics"}
INFO [2023-11-11T09:43:48.112Z]: project_reinitialize_success
INFO [2023-11-11T09:43:48.113Z]: {"agent":"cosine-vscode","version":"1.0.7","package":"@cosine/analytics"}
INFO [2023-11-11T09:43:48.945Z]: project_reinitialize_start
INFO [2023-11-11T09:43:48.945Z]: {"agent":"cosine-vscode","version":"1.0.7","package":"@cosine/analytics"}
INFO [2023-11-11T09:43:51.193Z]: project_reinitialize_success
INFO [2023-11-11T09:43:51.193Z]: {"agent":"cosine-vscode","version":"1.0.7","package":"@cosine/analytics"}
INFO [2023-11-11T09:43:54.537Z]: project_reinitialize_start
INFO [2023-11-11T09:43:54.537Z]: {"agent":"cosine-vscode","version":"1.0.7","package":"@cosine/analytics"}
INFO [2023-11-11T09:43:55.667Z]: project_reinitialize_start
INFO [2023-11-11T09:43:55.668Z]: {"agent":"cosine-vscode","version":"1.0.7","package":"@cosine/analytics"}
INFO [2023-11-11T09:43:57.236Z]: project_reinitialize_success
INFO [2023-11-11T09:43:57.237Z]: {"agent":"cosine-vscode","version":"1.0.7","package":"@cosine/analytics"}
INFO [2023-11-11T09:43:59.585Z]: project_reinitialize_success
INFO [2023-11-11T09:43:59.585Z]: {"agent":"cosine-vscode","version":"1.0.7","package":"@cosine/analytics"}
INFO [2023-11-11T09:44:01.899Z]: project_reinitialize_start
INFO [2023-11-11T09:44:01.899Z]: {"agent":"cosine-vscode","version":"1.0.7","package":"@cosine/analytics"}
INFO [2023-11-11T09:44:04.281Z]: project_reinitialize_success
INFO [2023-11-11T09:44:04.282Z]: {"agent":"cosine-vscode","version":"1.0.7","package":"@cosine/analytics"}
INFO [2023-11-11T09:44:08.051Z]: project_reinitialize_start
INFO [2023-11-11T09:44:08.052Z]: {"agent":"cosine-vscode","version":"1.0.7","package":"@cosine/analytics"}
INFO [2023-11-11T09:44:09.598Z]: project_reinitialize_start
INFO [2023-11-11T09:44:09.599Z]: {"agent":"cosine-vscode","version":"1.0.7","package":"@cosine/analytics"}
INFO [2023-11-11T09:44:11.435Z]: project_reinitialize_success
INFO [2023-11-11T09:44:11.435Z]: {"agent":"cosine-vscode","version":"1.0.7","package":"@cosine/analytics"}
INFO [2023-11-11T09:44:12.494Z]: project_reinitialize_start
INFO [2023-11-11T09:44:12.494Z]: {"agent":"cosine-vscode","version":"1.0.7","package":"@cosine/analytics"}
INFO [2023-11-11T09:44:13.705Z]: project_reinitialize_success
INFO [2023-11-11T09:44:13.705Z]: {"agent":"cosine-vscode","version":"1.0.7","package":"@cosine/analytics"}
INFO [2023-11-11T09:44:15.937Z]: project_reinitialize_success
INFO [2023-11-11T09:44:15.938Z]: {"agent":"cosine-vscode","version":"1.0.7","package":"@cosine/analytics"}
INFO [2023-11-11T09:44:24.466Z]: project_reinitialize_start
INFO [2023-11-11T09:44:24.466Z]: {"agent":"cosine-vscode","version":"1.0.7","package":"@cosine/analytics"}
INFO [2023-11-11T09:44:26.961Z]: project_reinitialize_success
INFO [2023-11-11T09:44:26.962Z]: {"agent":"cosine-vscode","version":"1.0.7","package":"@cosine/analytics"}
INFO [2023-11-11T09:44:33.911Z]: project_reinitialize_start
INFO [2023-11-11T09:44:33.912Z]: {"agent":"cosine-vscode","version":"1.0.7","package":"@cosine/analytics"}
INFO [2023-11-11T09:44:36.497Z]: project_reinitialize_success
INFO [2023-11-11T09:44:36.498Z]: {"agent":"cosine-vscode","version":"1.0.7","package":"@cosine/analytics"}
INFO [2023-11-11T09:44:43.384Z]: project_reinitialize_start
INFO [2023-11-11T09:44:43.384Z]: {"agent":"cosine-vscode","version":"1.0.7","package":"@cosine/analytics"}
INFO [2023-11-11T09:44:45.810Z]: project_reinitialize_success
INFO [2023-11-11T09:44:45.810Z]: {"agent":"cosine-vscode","version":"1.0.7","package":"@cosine/analytics"}
INFO [2023-11-11T09:44:58.390Z]: project_reinitialize_start
INFO [2023-11-11T09:44:58.390Z]: {"agent":"cosine-vscode","version":"1.0.7","package":"@cosine/analytics"}
INFO [2023-11-11T09:45:00.687Z]: project_reinitialize_success
INFO [2023-11-11T09:45:00.687Z]: {"agent":"cosine-vscode","version":"1.0.7","package":"@cosine/analytics"}
INFO [2023-11-11T09:45:08.726Z]: project_reinitialize_start
INFO [2023-11-11T09:45:08.727Z]: {"agent":"cosine-vscode","version":"1.0.7","package":"@cosine/analytics"}
INFO [2023-11-11T09:45:10.684Z]: project_reinitialize_start
INFO [2023-11-11T09:45:10.684Z]: {"agent":"cosine-vscode","version":"1.0.7","package":"@cosine/analytics"}
INFO [2023-11-11T09:45:11.180Z]: project_reinitialize_start
INFO [2023-11-11T09:45:11.180Z]: {"agent":"cosine-vscode","version":"1.0.7","package":"@cosine/analytics"}
INFO [2023-11-11T09:45:11.241Z]: project_reinitialize_success
INFO [2023-11-11T09:45:11.241Z]: {"agent":"cosine-vscode","version":"1.0.7","package":"@cosine/analytics"}
INFO [2023-11-11T09:45:11.702Z]: project_reinitialize_start
INFO [2023-11-11T09:45:11.703Z]: {"agent":"cosine-vscode","version":"1.0.7","package":"@cosine/analytics"}
INFO [2023-11-11T09:45:12.219Z]: project_reinitialize_start
INFO [2023-11-11T09:45:12.220Z]: {"agent":"cosine-vscode","version":"1.0.7","package":"@cosine/analytics"}
INFO [2023-11-11T09:45:13.722Z]: project_reinitialize_success
INFO [2023-11-11T09:45:13.722Z]: {"agent":"cosine-vscode","version":"1.0.7","package":"@cosine/analytics"}
INFO [2023-11-11T09:45:14.938Z]: project_reinitialize_start
INFO [2023-11-11T09:45:14.938Z]: {"agent":"cosine-vscode","version":"1.0.7","package":"@cosine/analytics"}
INFO [2023-11-11T09:45:15.086Z]: project_reinitialize_success
INFO [2023-11-11T09:45:15.086Z]: {"agent":"cosine-vscode","version":"1.0.7","package":"@cosine/analytics"}
INFO [2023-11-11T09:45:17.213Z]: project_reinitialize_success
INFO [2023-11-11T09:45:17.214Z]: {"agent":"cosine-vscode","version":"1.0.7","package":"@cosine/analytics"}
INFO [2023-11-11T09:45:17.579Z]: project_reinitialize_success
INFO [2023-11-11T09:45:17.580Z]: {"agent":"cosine-vscode","version":"1.0.7","package":"@cosine/analytics"}
INFO [2023-11-11T09:45:17.831Z]: project_reinitialize_success
INFO [2023-11-11T09:45:17.832Z]: {"agent":"cosine-vscode","version":"1.0.7","package":"@cosine/analytics"}
INFO [2023-11-11T09:45:19.881Z]: project_reinitialize_start
INFO [2023-11-11T09:45:19.882Z]: {"agent":"cosine-vscode","version":"1.0.7","package":"@cosine/analytics"}
INFO [2023-11-11T09:45:22.113Z]: project_reinitialize_success
INFO [2023-11-11T09:45:22.114Z]: {"agent":"cosine-vscode","version":"1.0.7","package":"@cosine/analytics"}
INFO [2023-11-11T09:45:22.248Z]: project_reinitialize_start
INFO [2023-11-11T09:45:22.248Z]: {"agent":"cosine-vscode","version":"1.0.7","package":"@cosine/analytics"}
INFO [2023-11-11T09:45:22.604Z]: project_reinitialize_start
INFO [2023-11-11T09:45:22.604Z]: {"agent":"cosine-vscode","version":"1.0.7","package":"@cosine/analytics"}
INFO [2023-11-11T09:45:24.042Z]: project_reinitialize_start
INFO [2023-11-11T09:45:24.042Z]: {"agent":"cosine-vscode","version":"1.0.7","package":"@cosine/analytics"}
INFO [2023-11-11T09:45:24.228Z]: project_reinitialize_start
INFO [2023-11-11T09:45:24.228Z]: {"agent":"cosine-vscode","version":"1.0.7","package":"@cosine/analytics"}
INFO [2023-11-11T09:45:24.436Z]: project_reinitialize_success
INFO [2023-11-11T09:45:24.437Z]: {"agent":"cosine-vscode","version":"1.0.7","package":"@cosine/analytics"}
INFO [2023-11-11T09:45:26.610Z]: project_reinitialize_success
INFO [2023-11-11T09:45:26.610Z]: {"agent":"cosine-vscode","version":"1.0.7","package":"@cosine/analytics"}
INFO [2023-11-11T09:45:26.980Z]: project_reinitialize_success
INFO [2023-11-11T09:45:26.981Z]: {"agent":"cosine-vscode","version":"1.0.7","package":"@cosine/analytics"}
INFO [2023-11-11T09:45:27.279Z]: project_reinitialize_success
INFO [2023-11-11T09:45:27.279Z]: {"agent":"cosine-vscode","version":"1.0.7","package":"@cosine/analytics"}
INFO [2023-11-11T09:45:33.166Z]: project_reinitialize_start
INFO [2023-11-11T09:45:33.166Z]: {"agent":"cosine-vscode","version":"1.0.7","package":"@cosine/analytics"}
INFO [2023-11-11T09:45:35.380Z]: project_reinitialize_success
INFO [2023-11-11T09:45:35.380Z]: {"agent":"cosine-vscode","version":"1.0.7","package":"@cosine/analytics"}
INFO [2023-11-11T11:54:17.939Z]: project_reinitialize_start
INFO [2023-11-11T11:54:17.939Z]: {"agent":"cosine-vscode","version":"1.0.7","package":"@cosine/analytics"}
INFO [2023-11-11T11:54:18.173Z]: project_reinitialize_start
INFO [2023-11-11T11:54:18.173Z]: {"agent":"cosine-vscode","version":"1.0.7","package":"@cosine/analytics"}
INFO [2023-11-11T11:54:23.755Z]: project_reinitialize_success
INFO [2023-11-11T11:54:23.756Z]: {"agent":"cosine-vscode","version":"1.0.7","package":"@cosine/analytics"}
INFO [2023-11-11T11:54:24.272Z]: project_reinitialize_success
INFO [2023-11-11T11:54:24.272Z]: {"agent":"cosine-vscode","version":"1.0.7","package":"@cosine/analytics"}
INFO [2023-11-16T04:53:45.886Z]: opened
INFO [2023-11-16T04:53:45.886Z]: {"agent":"cosine-vscode","version":"1.0.7","package":"@cosine/analytics","token":"1803ee20efed77dfecbf705fb8dc4c18","mp_lib":"node","$lib_version":"0.17.0"}
INFO [2023-11-16T08:09:17.032Z]: opened
INFO [2023-11-16T08:09:17.033Z]: {"agent":"cosine-vscode","version":"1.0.7","package":"@cosine/analytics","token":"1803ee20efed77dfecbf705fb8dc4c18","mp_lib":"node","$lib_version":"0.17.0"}
INFO [2023-11-17T16:44:47.015Z]: opened
INFO [2023-11-17T16:44:47.016Z]: {"agent":"cosine-vscode","version":"1.1.1","package":"@cosine/analytics","token":"1803ee20efed77dfecbf705fb8dc4c18","mp_lib":"node","$lib_version":"0.17.0"}